1529766785675	geckodriver	INFO	geckodriver 0.20.1
1529766785688	geckodriver	INFO	Listening on 127.0.0.1:49634
1529766788872	mozrunner::runner	INFO	Running command: "D:\\Firefox\\firefox.exe" "-marionette" "-profile" "C:\\Users\\KYB\\AppData\\Local\\Temp\\rust_mozprofile.RhQpnXFUByig"
Unable to read VR Path Registry from C:\Users\KYB\AppData\Local\openvr\openvrpaths.vrpath
Unable to read VR Path Registry from C:\Users\KYB\AppData\Local\openvr\openvrpaths.vrpath
Unable to read VR Path Registry from C:\Users\KYB\AppData\Local\openvr\openvrpaths.vrpath
Unable to read VR Path Registry from C:\Users\KYB\AppData\Local\openvr\openvrpaths.vrpath
Unable to read VR Path Registry from C:\Users\KYB\AppData\Local\openvr\openvrpaths.vrpath
1529766797835	Marionette	INFO	Listening on port 49642
1529766798519	Marionette	WARN	TLS certificate errors will be ignored for this session
[Child 17404, Chrome_ChildThread] WARNING: pipe error: 109: file z:/build/build/src/ipc/chromium/src/chrome/common/ipc_channel_win.cc, line 346
[Ch[Parent 15324, Gecko_IOThread] WARNING: pipe error: 109: file z:/build/build/src/ipc/chromium/src/chrome/common/ipc_channel_win.cc, line 346
[Parent 15324, Gecko_IOThread] WARNING: pipe error: 109: file z:/build/build/src/ipc/chromium/src/chrome/common/ipc_channel_win.cc, line 346
*** UTM:SVC TimerManager:registerTimer called after profile-before-change notification. Ignoring timer registration for id: telemetry_modules_ping

###!!! [Child][MessageChannel::SendAndWait] Error: Channel error: cannot send/recv

1529766968673	geckodriver	INFO	geckodriver 0.20.1
1529766968694	geckodriver	INFO	Listening on 127.0.0.1:49946
1529766971820	mozrunner::runner	INFO	Running command: "D:\\Firefox\\firefox.exe" "-marionette" "-profile" "C:\\Users\\KYB\\AppData\\Local\\Temp\\rust_mozprofile.x7EfryTSnMmd"
Unable to read VR Path Registry from C:\Users\KYB\AppData\Local\openvr\openvrpaths.vrpath
Unable to read VR Path Registry from C:\Users\KYB\AppData\Local\openvr\openvrpaths.vrpath
Unable to read VR Path Registry from C:\Users\KYB\AppData\Local\openvr\openvrpaths.vrpath
Unable to read VR Path Registry from C:\Users\KYB\AppData\Local\openvr\openvrpaths.vrpath
Unable to read VR Path Registry from C:\Users\KYB\AppData\Local\openvr\openvrpaths.vrpath
1529766975268	Marionette	INFO	Listening on port 49954
1529766975531	Marionette	WARN	TLS certificate errors will be ignored for this session
[Child 19416, Chrome_ChildThread] WARNING: pipe error: 109: file z:/build/build/src/ipc/chromium/src/chrome/common/ipc_channel_win.cc, line 346
[C[Parent 7300, Gecko_IOThread] WARNING: pipe error: 109: file z:/build/build/src/ipc/chromium/src/chrome/common/ipc_channel_win.cc, line 346
*** UTM:SVC TimerManager:registerTimer called after profile-before-change notification. Ignoring timer registration for id: telemetry_modules_ping
[GPU 2500, Chrome_ChildThread] WARNING: pipe error: 109: file z:/build/build/src/ipc/chromium/src/chrome/common/ipc_channel_win.cc, line 346

###!!! [Child][MessageChannel::SendAndWait] Error: Channel error: cannot send/recv

1529767175722	geckodriver	INFO	geckodriver 0.20.1
1529767175735	geckodriver	INFO	Listening on 127.0.0.1:50096
1529767178759	mozrunner::runner	INFO	Running command: "D:\\Firefox\\firefox.exe" "-marionette" "-profile" "C:\\Users\\KYB\\AppData\\Local\\Temp\\rust_mozprofile.PH3CKIyLzGpv"
Unable to read VR Path Registry from C:\Users\KYB\AppData\Local\openvr\openvrpaths.vrpath
Unable to read VR Path Registry from C:\Users\KYB\AppData\Local\openvr\openvrpaths.vrpath
Unable to read VR Path Registry from C:\Users\KYB\AppData\Local\openvr\openvrpaths.vrpath
Unable to read VR Path Registry from C:\Users\KYB\AppData\Local\openvr\openvrpaths.vrpath
Unable to read VR Path Registry from C:\Users\KYB\AppData\Local\openvr\openvrpaths.vrpath
1529767182527	Marionette	INFO	Listening on port 50108
1529767182904	Marionette	WARN	TLS certificate errors will be ignored for this session
[Child 21280, Chrome_ChildThread] WARNING: pipe error: 109: file z:/build/build/src/ipc/chromium/src/chrome/common/ipc_channel_win.cc, line 346
[Child 21280, Chrome_ChildThread] WARNING: pipe error: 109: file z:/build/build[Child 10140, Chrome_ChildThread] WARNING: pipe error: 109: file z:/build/build/src/ipc/chromium/src/chrome/common/ipc_channel_win.cc, line 346
[Child 10140, Chrome_Ch[Parent 20004, Gecko_IOThread] WARNING: pipe error: 109: file z:/build/build/src/ipc/chromium/src/chrome/common/ipc_channel_win.cc, line 346
[Child 21520, Chrome_ChildThread] WARNING: pipe error: 109: file z:/build/build/src/ipc/chromium/src/chrome/common/ipc_channel_win.cc, line 346
[Chi*** UTM:SVC TimerManager:registerTimer called after profile-before-change notification. Ignoring timer registration for id: telemetry_modules_ping

###!!! [Child][MessageChannel::SendAndWait] Error: Channel error: cannot send/recv

1529767264217	geckodriver	INFO	geckodriver 0.20.1
1529767264236	geckodriver	INFO	Listening on 127.0.0.1:50198
1529767267274	mozrunner::runner	INFO	Running command: "D:\\Firefox\\firefox.exe" "-marionette" "-profile" "C:\\Users\\KYB\\AppData\\Local\\Temp\\rust_mozprofile.ZmkaB4U2mhjR"
Unable to read VR Path Registry from C:\Users\KYB\AppData\Local\openvr\openvrpaths.vrpath
Unable to read VR Path Registry from C:\Users\KYB\AppData\Local\openvr\openvrpaths.vrpath
Unable to read VR Path Registry from C:\Users\KYB\AppData\Local\openvr\openvrpaths.vrpath
Unable to read VR Path Registry from C:\Users\KYB\AppData\Local\openvr\openvrpaths.vrpath
Unable to read VR Path Registry from C:\Users\KYB\AppData\Local\openvr\openvrpaths.vrpath
1529767270894	Marionette	INFO	Listening on port 50206
1529767270915	Marionette	WARN	TLS certificate errors will be ignored for this session
[Child 16020, Chrome_ChildThread] WARNING: pipe error: 109: file z:/build/build/src/ipc/chromium/src/chrome/common/ipc_channel_win.cc, line 346
[Child 1602[Child 12432, Chrome_ChildThread] WARNING: pipe error: 109: file z:/build/build/src/ipc/chromium/src/chrome/common/ipc_channel_win.cc, line 346
[Child 12432, Chrome_ChildThread] WARNING: pipe error:[Parent 21376, Gecko_IOThread] WARNING: pipe error: 109: file z:/build/build/src/ipc/chromium/src/chrome/common/ipc_channel_win.cc, line 346
*** UTM:SVC TimerManager:registerTimer called after profile-before-change notification. Ignoring timer registration for id: telemetry_modules_ping

###!!! [Child][MessageChannel::SendAndWait] Error: Channel error: cannot send/recv

1529768200001	geckodriver	INFO	geckodriver 0.20.1
1529768200020	geckodriver	INFO	Listening on 127.0.0.1:50769
1529768203084	mozrunner::runner	INFO	Running command: "D:\\Firefox\\firefox.exe" "-marionette" "-profile" "C:\\Users\\KYB\\AppData\\Local\\Temp\\rust_mozprofile.mXBYFm9cIMKM"
Unable to read VR Path Registry from C:\Users\KYB\AppData\Local\openvr\openvrpaths.vrpath
Unable to read VR Path Registry from C:\Users\KYB\AppData\Local\openvr\openvrpaths.vrpath
Unable to read VR Path Registry from C:\Users\KYB\AppData\Local\openvr\openvrpaths.vrpath
Unable to read VR Path Registry from C:\Users\KYB\AppData\Local\openvr\openvrpaths.vrpath
Unable to read VR Path Registry from C:\Users\KYB\AppData\Local\openvr\openvrpaths.vrpath
1529768206831	Marionette	INFO	Listening on port 50778
1529768207222	Marionette	WARN	TLS certificate errors will be ignored for this session
[Child 5732, Chrome_ChildThread] WARNING: pipe error: 109: file z:/build/build/src/ipc/chromium/src/chrome/common/ipc_channel_win.cc, line 346
[Child 5732, Chrome_Ch[Parent 21520, Gecko_IOThread] WARNING: pipe error: 109: file z:/build/build/src/ipc/chromium/src/chrome/common/ipc_channel_win.cc, line 346
[Child 22412, Chrome_ChildThread] WARNING: pipe error: 109: file z:/build/build/src/ipc/chromium/src/chrome/common/ipc_channel_win.cc, line 346
[Chi[Parent 21520, Gecko_IOThread] WARNING: pipe error: 109: file z:/build/build/src/ipc/chromium/src/chrome/common/ipc_channel_win.cc, line 346
[Child 19188, Chrome_ChildThread] WARNING: pipe error: 109: file z:/build/build/src/ipc/chromium/src/chrome/common/ipc_channel_win.cc, line 346
[Child 19188, Chrome_ChildThread] WARNIN*** UTM:SVC TimerManager:registerTimer called after profile-before-change notification. Ignoring timer registration for id: telemetry_modules_ping

###!!! [Child][MessageChannel::SendAndWait] Error: Channel error: cannot send/recv

1529768527260	geckodriver	INFO	geckodriver 0.20.1
1529768527272	geckodriver	INFO	Listening on 127.0.0.1:51028
1529768530332	mozrunner::runner	INFO	Running command: "D:\\Firefox\\firefox.exe" "-marionette" "-profile" "C:\\Users\\KYB\\AppData\\Local\\Temp\\rust_mozprofile.6ejCKUqXmR3m"
Unable to read VR Path Registry from C:\Users\KYB\AppData\Local\openvr\openvrpaths.vrpath
Unable to read VR Path Registry from C:\Users\KYB\AppData\Local\openvr\openvrpaths.vrpath
Unable to read VR Path Registry from C:\Users\KYB\AppData\Local\openvr\openvrpaths.vrpath
Unable to read VR Path Registry from C:\Users\KYB\AppData\Local\openvr\openvrpaths.vrpath
Unable to read VR Path Registry from C:\Users\KYB\AppData\Local\openvr\openvrpaths.vrpath
1529768533940	Marionette	INFO	Listening on port 51036
1529768533956	Marionette	WARN	TLS certificate errors will be ignored for this session
JavaScript error: http://www.5itest.cn/static-dist/libs/base.js?version=8.2.25, line 1: SyntaxError: JSON.parse: unexpected end of data at line 1 column 1 of the JSON data
[Parent 9232, Gecko_IOThread] WARNING: pipe error: 109: file z:/build/build/src/ipc/chromium/src/chrome/common/ipc_channel_win.cc, line 346
[Child 17552, Chrome_ChildThread] WARNING: pipe error: 109: file z:/build/build/src/ipc/chromium/src/chrome/common/ipc_channel_win.cc, line 346
[Child[Parent 9232, Gecko_IOThread] WARNING: pipe error: 109: file z:/build/build/src/ipc/chromium/src/chrome/common/ipc_channel_win.cc, line 346
[Child 15728, Chrome_ChildThread] WARNING: pipe error: 109: file z:/build/build/src/ipc/chromium/src/chrome/common/ipc_channel_win.cc, line 346
[Child 15728, C[Parent 9232, Gecko_IOThread] WARNING: pipe error: 109: file z:/build/build/src/ipc/chromium/src/chrome/common/ipc_channel_win.cc, line 346
[Child 17540, Chrome_ChildThread] WARNING: pipe error: 109: file z:/build/build/src/ipc/chromium/src/chrome/common/ipc_channel_win.cc, line 346
[Ch*** UTM:SVC TimerManager:registerTimer called after profile-before-change notification. Ignoring timer registration for id: telemetry_modules_ping

###!!! [Child][MessageChannel::SendAndWait] Error: Channel error: cannot send/recv

1529802270282	geckodriver	INFO	geckodriver 0.20.1
1529802270307	geckodriver	INFO	Listening on 127.0.0.1:52713
1529802273453	mozrunner::runner	INFO	Running command: "D:\\Firefox\\firefox.exe" "-marionette" "-profile" "C:\\Users\\KYB\\AppData\\Local\\Temp\\rust_mozprofile.TxGmHk1GHz9A"
Unable to read VR Path Registry from C:\Users\KYB\AppData\Local\openvr\openvrpaths.vrpath
Unable to read VR Path Registry from C:\Users\KYB\AppData\Local\openvr\openvrpaths.vrpath
Unable to read VR Path Registry from C:\Users\KYB\AppData\Local\openvr\openvrpaths.vrpath
Unable to read VR Path Registry from C:\Users\KYB\AppData\Local\openvr\openvrpaths.vrpath
Unable to read VR Path Registry from C:\Users\KYB\AppData\Local\openvr\openvrpaths.vrpath
1529802281007	Marionette	INFO	Listening on port 52721
1529802281818	Marionette	WARN	TLS certificate errors will be ignored for this session
[Child 9960, Chrome_ChildThread] WARNING: pipe error: 109: file z:/build/build/src/ipc/chromium/src/chrome/common/ipc_channel_win.cc, line 346
[Ch[Parent 12120, Gecko_IOThread] WARNING: pipe error: 109: file z:/build/build/src/ipc/chromium/src/chrome/common/ipc_channel_win.cc, line 346
[Parent 12120, Gecko_IOThread] WARNING: pipe error: 109: file z:/build/build/src/ipc/chromium/src/chrome/common/ipc_channel_win.cc, line 346
[Child 1332, Chrome_ChildThread] WARNING: pipe error: 109: file z:/build/build/src/ipc/chromium/src/chrome/common/ipc_channel_win.cc, line 346
[Ch*** UTM:SVC TimerManager:registerTimer called after profile-before-change notification. Ignoring timer registration for id: telemetry_modules_ping
[GPU
###!!! [Child][MessageChannel::SendAndWait] Error: Channel error: cannot send/recv

1529802503633	geckodriver	INFO	geckodriver 0.20.1
1529802503645	geckodriver	INFO	Listening on 127.0.0.1:52813
1529802506712	mozrunner::runner	INFO	Running command: "D:\\Firefox\\firefox.exe" "-marionette" "-profile" "C:\\Users\\KYB\\AppData\\Local\\Temp\\rust_mozprofile.NpoNrnunsMTV"
Unable to read VR Path Registry from C:\Users\KYB\AppData\Local\openvr\openvrpaths.vrpath
Unable to read VR Path Registry from C:\Users\KYB\AppData\Local\openvr\openvrpaths.vrpath
Unable to read VR Path Registry from C:\Users\KYB\AppData\Local\openvr\openvrpaths.vrpath
Unable to read VR Path Registry from C:\Users\KYB\AppData\Local\openvr\openvrpaths.vrpath
Unable to read VR Path Registry from C:\Users\KYB\AppData\Local\openvr\openvrpaths.vrpath
1529802510232	Marionette	INFO	Listening on port 52821
1529802510481	Marionette	WARN	TLS certificate errors will be ignored for this session
[Parent 1940, Gecko_IOThread] WARNING: pipe error: 109: file z:/build/build/src/ipc/chromium/src/chrome/common/ipc_channel_win.cc, line 346
[Parent 1940, Gecko_IOThread] WARNING: pipe error: 109: file z:/build/build/src/ipc/chromium/src/chrome/common/ipc_channel_win.cc, line 346
*** UTM:SVC TimerManager:registerTimer called after profile-before-change notification. Ignoring timer registration for id: telemetry_modules_ping

###!!! [Child][MessageChannel::SendAndWait] Error: Channel error: cannot send/recv

