1527403070895	geckodriver	INFO	geckodriver 0.20.1
1527403070909	geckodriver	INFO	Listening on 127.0.0.1:57584
1527403073956	mozrunner::runner	INFO	Running command: "D:\\Firefox\\firefox.exe" "-marionette" "-profile" "C:\\Users\\KYB\\AppData\\Local\\Temp\\rust_mozprofile.S34B23nhlYaz"
Unable to read VR Path Registry from C:\Users\KYB\AppData\Local\openvr\openvrpaths.vrpath
Unable to read VR Path Registry from C:\Users\KYB\AppData\Local\openvr\openvrpaths.vrpath
Unable to read VR Path Registry from C:\Users\KYB\AppData\Local\openvr\openvrpaths.vrpath
Unable to read VR Path Registry from C:\Users\KYB\AppData\Local\openvr\openvrpaths.vrpath
Unable to read VR Path Registry from C:\Users\KYB\AppData\Local\openvr\openvrpaths.vrpath
1527403078236	Marionette	INFO	Listening on port 57593
1527403079280	Marionette	WARN	TLS certificate errors will be ignored for this session
JavaScript error: https://ss1.bdstatic.com/5eN1bjq8AAUYm2zgoY3K/r/www/cache/static/protocol/https/plugins/every_cookie_4644b13.js, line 4: ReferenceError: c is not defined
*** UTM:SVC TimerManager:registerTimer called after profile-before-change notification. Ignoring timer registration for id: telemetry_modules_ping

###!!! [Child][MessageChannel::SendAndWait] Error: Channel error: cannot send/recv

1527403562172	geckodriver	INFO	geckodriver 0.20.1
1527403562185	geckodriver	INFO	Listening on 127.0.0.1:57999
1527403565206	mozrunner::runner	INFO	Running command: "D:\\Firefox\\firefox.exe" "-marionette" "-profile" "C:\\Users\\KYB\\AppData\\Local\\Temp\\rust_mozprofile.K8jqOXoxXKtW"
Unable to read VR Path Registry from C:\Users\KYB\AppData\Local\openvr\openvrpaths.vrpath
Unable to read VR Path Registry from C:\Users\KYB\AppData\Local\openvr\openvrpaths.vrpath
Unable to read VR Path Registry from C:\Users\KYB\AppData\Local\openvr\openvrpaths.vrpath
Unable to read VR Path Registry from C:\Users\KYB\AppData\Local\openvr\openvrpaths.vrpath
Unable to read VR Path Registry from C:\Users\KYB\AppData\Local\openvr\openvrpaths.vrpath
1527403569783	Marionette	INFO	Listening on port 58007
1527403570470	Marionette	WARN	TLS certificate errors will be ignored for this session
JavaScript error: https://ss1.bdstatic.com/5eN1bjq8AAUYm2zgoY3K/r/www/cache/static/protocol/https/plugins/every_cookie_4644b13.js, line 4: ReferenceError: c is not defined
[Child 10540, Chrome_ChildThread] WARNING: pipe error: 109: file z:/build/build/src/ipc/chromium/src/chrome/common/ipc_channel_win.cc, line 346
[Child 10540, Chrome_ChildThread] WARNING: pi[Parent 3688, Gecko_IOThread] WARNING: pipe error: 109: file z:/build/build/src/ipc/chromium/src/chrome/common/ipc_channel_win.cc, line 346
[Child 12432, Chrome_ChildThread] WARNING: pipe error: 109: file z:/build/build/src/ipc/chromium/src/chrome/common/ipc_channel_win.cc, line 346
[Child 12432, Chrome_ChildThread] WARN*** UTM:SVC TimerManager:registerTimer called after profile-before-change notification. Ignoring timer registration for id: telemetry_modules_ping
[GPU 9300, Chrome_ChildThread
###!!! [Child][MessageChannel::SendAndWait] Error: Channel error: cannot send/recv

1528023183818	geckodriver	INFO	geckodriver 0.20.1
1528023183905	geckodriver	INFO	Listening on 127.0.0.1:56432
1528023186896	mozrunner::runner	INFO	Running command: "D:\\Firefox\\firefox.exe" "-marionette" "-profile" "C:\\Users\\KYB\\AppData\\Local\\Temp\\rust_mozprofile.NE8tilOt16Wd"
Unable to read VR Path Registry from C:\Users\KYB\AppData\Local\openvr\openvrpaths.vrpath
Unable to read VR Path Registry from C:\Users\KYB\AppData\Local\openvr\openvrpaths.vrpath
Unable to read VR Path Registry from C:\Users\KYB\AppData\Local\openvr\openvrpaths.vrpath
Unable to read VR Path Registry from C:\Users\KYB\AppData\Local\openvr\openvrpaths.vrpath
Unable to read VR Path Registry from C:\Users\KYB\AppData\Local\openvr\openvrpaths.vrpath
1528023196245	Marionette	INFO	Listening on port 56445
1528023196673	Marionette	WARN	TLS certificate errors will be ignored for this session
[Child 9812, Chrome_ChildThread] WARNING: pipe error: 109: file z:/build/build/src/ipc/chromium/src/chrome/common/ipc_channel_win.cc, line 346
[Chi[Parent 6468, Gecko_IOThread] WARNING: pipe error: 109: file z:/build/build/src/ipc/chromium/src/chrome/common/ipc_channel_win.cc, line 346
[Parent 6468, Gecko_IOThread] WARNING: pipe error: 109: file z:/build/build/src/ipc/chromium/src/chrome/common/ipc_channel_win.cc, line 346
[Child 7900, Chrome_ChildThread] WARNING: pipe error: 109: file z:/build/build/src/ipc/chromium/src/chrome/common/ipc_channel_win.cc, line 346
[Ch*** UTM:SVC TimerManager:registerTimer called after profile-before-change notification. Ignoring timer registration for id: telemetry_modules_ping

###!!! [Child][MessageChannel::SendAndWait] Error: Channel error: cannot send/recv

