2018-07-26 23:07:36,039 first_case.py--> setUp 20: INFO ----->this is chrome
2018-07-26 23:07:36,042 register_handle.py--> send_user_email 20: INFO ----->输入的邮箱值是：112121@qq.com
2018-07-26 23:07:36,044 find_element.py--> get_element 20: INFO ----->定位方式:id--->定位值:register_email
2018-07-26 23:07:36,465 register_handle.py--> send_user_name 20: INFO ----->输入的用户名是：ss232221
2018-07-26 23:07:36,466 find_element.py--> get_element 20: INFO ----->定位方式:id--->定位值:register_nickname
2018-07-26 23:07:36,792 register_handle.py--> send_user_password 20: INFO ----->输入的密码是：111111
2018-07-26 23:07:36,793 find_element.py--> get_element 20: INFO ----->定位方式:id--->定位值:register_password
2018-07-26 23:07:40,448 find_element.py--> get_element 20: INFO ----->定位方式:id--->定位值:captcha_code
2018-07-26 23:07:40,584 find_element.py--> get_element 20: INFO ----->定位方式:id--->定位值:register-btn
2018-07-26 23:07:56,705 first_case.py--> setUp 20: INFO ----->this is chrome
2018-07-26 23:07:56,706 register_handle.py--> send_user_email 20: INFO ----->输入的邮箱值是：1123@qq.com
2018-07-26 23:07:56,707 find_element.py--> get_element 20: INFO ----->定位方式:id--->定位值:register_email
2018-07-26 23:07:56,928 register_handle.py--> send_user_name 20: INFO ----->输入的用户名是：t1
2018-07-26 23:07:56,929 find_element.py--> get_element 20: INFO ----->定位方式:id--->定位值:register_nickname
2018-07-26 23:07:57,278 register_handle.py--> send_user_password 20: INFO ----->输入的密码是：111111
2018-07-26 23:07:57,280 find_element.py--> get_element 20: INFO ----->定位方式:id--->定位值:register_password
2018-07-26 23:08:00,273 find_element.py--> get_element 20: INFO ----->定位方式:id--->定位值:captcha_code
2018-07-26 23:08:00,424 find_element.py--> get_element 20: INFO ----->定位方式:id--->定位值:register-btn
2018-07-26 23:08:00,768 find_element.py--> get_element 20: INFO ----->定位方式:id--->定位值:register_nickname-error
2018-07-26 23:14:52,995 first_case.py--> setUp 20: INFO ----->this is chrome
2018-07-26 23:14:52,997 register_handle.py--> send_user_email 20: INFO ----->输入的邮箱值是：112121@qq.com
2018-07-26 23:14:52,998 find_element.py--> get_element 20: INFO ----->定位方式:id--->定位值:register_email
2018-07-26 23:14:53,417 register_handle.py--> send_user_name 20: INFO ----->输入的用户名是：ss232221
2018-07-26 23:14:53,417 find_element.py--> get_element 20: INFO ----->定位方式:id--->定位值:register_nickname
2018-07-26 23:14:53,734 register_handle.py--> send_user_password 20: INFO ----->输入的密码是：111111
2018-07-26 23:14:53,735 find_element.py--> get_element 20: INFO ----->定位方式:id--->定位值:register_password
2018-07-26 23:14:56,940 find_element.py--> get_element 20: INFO ----->定位方式:id--->定位值:captcha_code1
2018-07-26 23:15:13,817 first_case.py--> setUp 20: INFO ----->this is chrome
2018-07-26 23:15:13,818 register_handle.py--> send_user_email 20: INFO ----->输入的邮箱值是：1111@qq.com
2018-07-26 23:15:13,819 find_element.py--> get_element 20: INFO ----->定位方式:id--->定位值:register_email
2018-07-26 23:15:14,091 register_handle.py--> send_user_name 20: INFO ----->输入的用户名是：ss2212
2018-07-26 23:15:14,093 find_element.py--> get_element 20: INFO ----->定位方式:id--->定位值:register_nickname
2018-07-26 23:15:14,418 register_handle.py--> send_user_password 20: INFO ----->输入的密码是：111111
2018-07-26 23:15:14,420 find_element.py--> get_element 20: INFO ----->定位方式:id--->定位值:register_password
2018-07-26 23:15:20,679 find_element.py--> get_element 20: INFO ----->定位方式:id--->定位值:captcha_code1
2018-07-26 23:15:37,953 first_case.py--> setUp 20: INFO ----->this is chrome
2018-07-26 23:15:37,954 register_handle.py--> send_user_email 20: INFO ----->输入的邮箱值是：1123@qq.com
2018-07-26 23:15:37,956 find_element.py--> get_element 20: INFO ----->定位方式:id--->定位值:register_email
2018-07-26 23:15:38,163 register_handle.py--> send_user_name 20: INFO ----->输入的用户名是：t1
2018-07-26 23:15:38,164 find_element.py--> get_element 20: INFO ----->定位方式:id--->定位值:register_nickname
2018-07-26 23:15:38,742 register_handle.py--> send_user_password 20: INFO ----->输入的密码是：111111
2018-07-26 23:15:38,743 find_element.py--> get_element 20: INFO ----->定位方式:id--->定位值:register_password
2018-07-26 23:15:45,722 find_element.py--> get_element 20: INFO ----->定位方式:id--->定位值:captcha_code1
2018-07-26 23:26:55,774 register_handle.py--> send_user_email 20: INFO ----->输入的邮箱值是：test001@qq.com
2018-07-26 23:26:55,774 find_element.py--> get_element 20: INFO ----->定位方式:id--->定位值:register_email
2018-07-26 23:26:55,933 register_handle.py--> send_user_name 20: INFO ----->输入的用户名是：Mushishi001
2018-07-26 23:26:55,934 find_element.py--> get_element 20: INFO ----->定位方式:id--->定位值:register_nickname
2018-07-26 23:26:56,426 register_handle.py--> send_user_password 20: INFO ----->输入的密码是：111111
2018-07-26 23:26:56,427 find_element.py--> get_element 20: INFO ----->定位方式:id--->定位值:register_password
2018-07-26 23:27:13,678 register_handle.py--> send_user_email 20: INFO ----->输入的邮箱值是：test002.com
2018-07-26 23:27:13,679 find_element.py--> get_element 20: INFO ----->定位方式:id--->定位值:register_email
2018-07-26 23:27:13,790 register_handle.py--> send_user_name 20: INFO ----->输入的用户名是：Mushishi002
2018-07-26 23:27:13,790 find_element.py--> get_element 20: INFO ----->定位方式:id--->定位值:register_nickname
2018-07-26 23:27:13,912 register_handle.py--> send_user_password 20: INFO ----->输入的密码是：111112
2018-07-26 23:27:13,913 find_element.py--> get_element 20: INFO ----->定位方式:id--->定位值:register_password
2018-07-26 23:35:56,067 first_case.py--> setUp 20: INFO ----->this is chrome
2018-07-26 23:35:56,068 register_handle.py--> send_user_email 20: INFO ----->输入的邮箱值是：1121221@qq.com
2018-07-26 23:35:56,070 find_element.py--> get_element 20: INFO ----->定位方式:id--->定位值:register_email
2018-07-26 23:35:56,333 register_handle.py--> send_user_name 20: INFO ----->输入的用户名是：ss2232221
2018-07-26 23:35:56,334 find_element.py--> get_element 20: INFO ----->定位方式:id--->定位值:register_nickname
2018-07-26 23:35:56,650 register_handle.py--> send_user_password 20: INFO ----->输入的密码是：111111
2018-07-26 23:35:56,651 find_element.py--> get_element 20: INFO ----->定位方式:id--->定位值:register_password
2018-07-26 23:36:00,178 find_element.py--> get_element 20: INFO ----->定位方式:id--->定位值:captcha_code
2018-07-26 23:36:00,304 find_element.py--> get_element 20: INFO ----->定位方式:id--->定位值:register-btn
2018-07-26 23:36:16,010 first_case.py--> setUp 20: INFO ----->this is chrome
2018-07-26 23:36:16,011 register_handle.py--> send_user_email 20: INFO ----->输入的邮箱值是：11121@qq.com
2018-07-26 23:36:16,012 find_element.py--> get_element 20: INFO ----->定位方式:id--->定位值:register_email
2018-07-26 23:36:16,381 register_handle.py--> send_user_name 20: INFO ----->输入的用户名是：ss22212
2018-07-26 23:36:16,382 find_element.py--> get_element 20: INFO ----->定位方式:id--->定位值:register_nickname
2018-07-26 23:36:16,699 register_handle.py--> send_user_password 20: INFO ----->输入的密码是：111111
2018-07-26 23:36:16,700 find_element.py--> get_element 20: INFO ----->定位方式:id--->定位值:register_password
2018-07-26 23:36:22,628 find_element.py--> get_element 20: INFO ----->定位方式:id--->定位值:captcha_code
2018-07-26 23:36:22,783 find_element.py--> get_element 20: INFO ----->定位方式:id--->定位值:register-btn
2018-07-26 23:36:33,453 find_element.py--> get_element 20: INFO ----->定位方式:id--->定位值:register_nickname-error
2018-07-26 23:36:50,248 first_case.py--> setUp 20: INFO ----->this is chrome
2018-07-26 23:36:50,249 register_handle.py--> send_user_email 20: INFO ----->输入的邮箱值是：12123@qq.com
2018-07-26 23:36:50,250 find_element.py--> get_element 20: INFO ----->定位方式:id--->定位值:register_email
2018-07-26 23:36:50,492 register_handle.py--> send_user_name 20: INFO ----->输入的用户名是：t1
2018-07-26 23:36:50,494 find_element.py--> get_element 20: INFO ----->定位方式:id--->定位值:register_nickname
2018-07-26 23:36:50,853 register_handle.py--> send_user_password 20: INFO ----->输入的密码是：111111
2018-07-26 23:36:50,854 find_element.py--> get_element 20: INFO ----->定位方式:id--->定位值:register_password
2018-07-26 23:36:59,829 find_element.py--> get_element 20: INFO ----->定位方式:id--->定位值:captcha_code
2018-07-26 23:36:59,949 find_element.py--> get_element 20: INFO ----->定位方式:id--->定位值:register-btn
2018-07-26 23:37:00,322 find_element.py--> get_element 20: INFO ----->定位方式:id--->定位值:register_nickname-error
