2018-07-23 14:46:02,823 first_case.py--> setUp 20: INFO ----->this is chrome
2018-07-23 14:46:02,830 register_handle.py--> send_user_email 20: INFO ----->输入的邮箱值是：1111@qq.com
2018-07-23 14:46:02,831 find_element.py--> get_element 20: INFO ----->定位方式:id--->定位值:register_email
2018-07-23 14:46:02,972 register_handle.py--> send_user_name 20: INFO ----->输入的用户名是：ss2221
2018-07-23 14:46:02,973 find_element.py--> get_element 20: INFO ----->定位方式:id--->定位值:register_nickname
2018-07-23 14:46:03,395 register_handle.py--> send_user_password 20: INFO ----->输入的密码是：111111
2018-07-23 14:46:03,396 find_element.py--> get_element 20: INFO ----->定位方式:id--->定位值:register_password
2018-07-23 14:46:12,305 find_element.py--> get_element 20: INFO ----->定位方式:id--->定位值:captcha_code
2018-07-23 14:46:12,407 find_element.py--> get_element 20: INFO ----->定位方式:id--->定位值:register-btn
2018-07-23 14:46:29,799 first_case.py--> setUp 20: INFO ----->this is chrome
2018-07-23 14:46:29,807 register_handle.py--> send_user_email 20: INFO ----->输入的邮箱值是：111@qq.com
2018-07-23 14:46:29,809 find_element.py--> get_element 20: INFO ----->定位方式:id--->定位值:register_email
2018-07-23 14:46:29,968 register_handle.py--> send_user_name 20: INFO ----->输入的用户名是：ss
2018-07-23 14:46:29,968 find_element.py--> get_element 20: INFO ----->定位方式:id--->定位值:register_nickname
2018-07-23 14:46:30,366 register_handle.py--> send_user_password 20: INFO ----->输入的密码是：111111
2018-07-23 14:46:30,367 find_element.py--> get_element 20: INFO ----->定位方式:id--->定位值:register_password
2018-07-23 14:46:38,536 find_element.py--> get_element 20: INFO ----->定位方式:id--->定位值:captcha_code
2018-07-23 14:46:38,693 find_element.py--> get_element 20: INFO ----->定位方式:id--->定位值:register-btn
2018-07-23 14:46:38,979 find_element.py--> get_element 20: INFO ----->定位方式:id--->定位值:register_nickname-error
2018-07-23 14:46:58,582 first_case.py--> setUp 20: INFO ----->this is chrome
2018-07-23 14:46:58,583 register_handle.py--> send_user_email 20: INFO ----->输入的邮箱值是：1111@qq.com
2018-07-23 14:46:58,586 find_element.py--> get_element 20: INFO ----->定位方式:id--->定位值:register_email
2018-07-23 14:46:58,789 register_handle.py--> send_user_name 20: INFO ----->输入的用户名是：ss2221
2018-07-23 14:46:58,790 find_element.py--> get_element 20: INFO ----->定位方式:id--->定位值:register_nickname
2018-07-23 14:46:59,077 register_handle.py--> send_user_password 20: INFO ----->输入的密码是：111111
2018-07-23 14:46:59,078 find_element.py--> get_element 20: INFO ----->定位方式:id--->定位值:register_password
2018-07-23 14:47:02,473 find_element.py--> get_element 20: INFO ----->定位方式:id--->定位值:captcha_code
2018-07-23 14:47:02,576 find_element.py--> get_element 20: INFO ----->定位方式:id--->定位值:register-btn
2018-07-23 14:47:17,447 first_case.py--> setUp 20: INFO ----->this is chrome
2018-07-23 14:47:17,449 register_handle.py--> send_user_email 20: INFO ----->输入的邮箱值是：111@qq.com
2018-07-23 14:47:17,450 find_element.py--> get_element 20: INFO ----->定位方式:id--->定位值:register_email
2018-07-23 14:47:17,587 register_handle.py--> send_user_name 20: INFO ----->输入的用户名是：ss
2018-07-23 14:47:17,588 find_element.py--> get_element 20: INFO ----->定位方式:id--->定位值:register_nickname
2018-07-23 14:47:17,832 register_handle.py--> send_user_password 20: INFO ----->输入的密码是：111111
2018-07-23 14:47:17,833 find_element.py--> get_element 20: INFO ----->定位方式:id--->定位值:register_password
2018-07-23 14:47:20,754 find_element.py--> get_element 20: INFO ----->定位方式:id--->定位值:captcha_code
2018-07-23 14:47:20,867 find_element.py--> get_element 20: INFO ----->定位方式:id--->定位值:register-btn
2018-07-23 14:47:21,264 find_element.py--> get_element 20: INFO ----->定位方式:id--->定位值:register_nickname-error
