2018-07-27 08:15:22,910 first_case.py--> setUp 20: INFO ----->this is chrome
2018-07-27 08:15:22,911 register_handle.py--> send_user_email 20: INFO ----->输入的邮箱值是：1121221@qq.com
2018-07-27 08:15:22,913 find_element.py--> get_element 20: INFO ----->定位方式:id--->定位值:register_email
2018-07-27 08:15:23,154 register_handle.py--> send_user_name 20: INFO ----->输入的用户名是：ss2232221
2018-07-27 08:15:23,155 find_element.py--> get_element 20: INFO ----->定位方式:id--->定位值:register_nickname
2018-07-27 08:15:23,455 register_handle.py--> send_user_password 20: INFO ----->输入的密码是：111111
2018-07-27 08:15:23,457 find_element.py--> get_element 20: INFO ----->定位方式:id--->定位值:register_password
2018-07-27 08:15:27,533 find_element.py--> get_element 20: INFO ----->定位方式:id--->定位值:captcha_code
2018-07-27 08:15:27,665 find_element.py--> get_element 20: INFO ----->定位方式:id--->定位值:register-btn
2018-07-27 08:15:44,410 first_case.py--> setUp 20: INFO ----->this is chrome
2018-07-27 08:15:44,412 register_handle.py--> send_user_email 20: INFO ----->输入的邮箱值是：11121@qq.com
2018-07-27 08:15:44,412 find_element.py--> get_element 20: INFO ----->定位方式:id--->定位值:register_email
2018-07-27 08:15:44,557 register_handle.py--> send_user_name 20: INFO ----->输入的用户名是：ss22212
2018-07-27 08:15:44,559 find_element.py--> get_element 20: INFO ----->定位方式:id--->定位值:register_nickname
2018-07-27 08:15:45,104 register_handle.py--> send_user_password 20: INFO ----->输入的密码是：111111
2018-07-27 08:15:45,105 find_element.py--> get_element 20: INFO ----->定位方式:id--->定位值:register_password
2018-07-27 08:17:06,301 first_case.py--> setUp 20: INFO ----->this is chrome
2018-07-27 08:17:06,302 register_handle.py--> send_user_email 20: INFO ----->输入的邮箱值是：12123@qq.com
2018-07-27 08:17:06,304 find_element.py--> get_element 20: INFO ----->定位方式:id--->定位值:register_email
2018-07-27 08:17:06,441 register_handle.py--> send_user_name 20: INFO ----->输入的用户名是：t1
2018-07-27 08:17:06,442 find_element.py--> get_element 20: INFO ----->定位方式:id--->定位值:register_nickname
2018-07-27 08:17:06,702 register_handle.py--> send_user_password 20: INFO ----->输入的密码是：111111
2018-07-27 08:17:06,704 find_element.py--> get_element 20: INFO ----->定位方式:id--->定位值:register_password
2018-07-27 08:17:09,923 find_element.py--> get_element 20: INFO ----->定位方式:id--->定位值:captcha_code
2018-07-27 08:17:10,029 find_element.py--> get_element 20: INFO ----->定位方式:id--->定位值:register-btn
2018-07-27 08:17:10,287 find_element.py--> get_element 20: INFO ----->定位方式:id--->定位值:register_nickname-error
2018-07-27 08:22:09,439 first_case.py--> setUp 20: INFO ----->this is chrome
2018-07-27 08:22:09,441 register_handle.py--> send_user_email 20: INFO ----->输入的邮箱值是：11121@qq.com
2018-07-27 08:22:09,442 find_element.py--> get_element 20: INFO ----->定位方式:id--->定位值:register_email
2018-07-27 08:22:09,614 register_handle.py--> send_user_name 20: INFO ----->输入的用户名是：ss22212
2018-07-27 08:22:09,614 find_element.py--> get_element 20: INFO ----->定位方式:id--->定位值:register_nickname
2018-07-27 08:22:10,007 register_handle.py--> send_user_password 20: INFO ----->输入的密码是：111111
2018-07-27 08:22:10,008 find_element.py--> get_element 20: INFO ----->定位方式:id--->定位值:register_password
2018-07-27 08:22:21,091 find_element.py--> get_element 20: INFO ----->定位方式:id--->定位值:captcha_code
2018-07-27 08:22:21,201 find_element.py--> get_element 20: INFO ----->定位方式:id--->定位值:register-btn
2018-07-27 08:22:21,511 find_element.py--> get_element 20: INFO ----->定位方式:id--->定位值:register_nickname-error
2018-07-27 08:22:36,662 first_case.py--> setUp 20: INFO ----->this is chrome
2018-07-27 08:22:36,663 register_handle.py--> send_user_email 20: INFO ----->输入的邮箱值是：1314@qq.com
2018-07-27 08:22:36,664 find_element.py--> get_element 20: INFO ----->定位方式:id--->定位值:register_email
2018-07-27 08:22:36,839 register_handle.py--> send_user_name 20: INFO ----->输入的用户名是：user1111@qq.com
2018-07-27 08:22:36,840 find_element.py--> get_element 20: INFO ----->定位方式:id--->定位值:register_nickname
2018-07-27 08:22:37,177 register_handle.py--> send_user_password 20: INFO ----->输入的密码是：111111
2018-07-27 08:22:37,178 find_element.py--> get_element 20: INFO ----->定位方式:id--->定位值:register_password
2018-07-27 08:22:40,428 find_element.py--> get_element 20: INFO ----->定位方式:id--->定位值:captcha_code
2018-07-27 08:22:40,614 find_element.py--> get_element 20: INFO ----->定位方式:id--->定位值:register-btn
2018-07-27 08:22:40,963 find_element.py--> get_element 20: INFO ----->定位方式:id--->定位值:captcha_code
2018-07-27 08:22:57,035 first_case.py--> setUp 20: INFO ----->this is chrome
2018-07-27 08:22:57,036 register_handle.py--> send_user_email 20: INFO ----->输入的邮箱值是：11111@qq.com
2018-07-27 08:22:57,037 find_element.py--> get_element 20: INFO ----->定位方式:id--->定位值:register_email
2018-07-27 08:22:57,161 register_handle.py--> send_user_name 20: INFO ----->输入的用户名是：ss23222
2018-07-27 08:22:57,162 find_element.py--> get_element 20: INFO ----->定位方式:id--->定位值:register_nickname
2018-07-27 08:22:57,490 register_handle.py--> send_user_password 20: INFO ----->输入的密码是：111111
2018-07-27 08:22:57,491 find_element.py--> get_element 20: INFO ----->定位方式:id--->定位值:register_password
2018-07-27 08:23:00,378 find_element.py--> get_element 20: INFO ----->定位方式:id--->定位值:captcha_code
2018-07-27 08:23:00,515 find_element.py--> get_element 20: INFO ----->定位方式:id--->定位值:register-btn
2018-07-27 08:23:00,832 find_element.py--> get_element 20: INFO ----->定位方式:id--->定位值:register_nickname-error
2018-07-27 08:23:15,948 first_case.py--> setUp 20: INFO ----->this is chrome
2018-07-27 08:23:15,949 register_handle.py--> send_user_email 20: INFO ----->输入的邮箱值是：1121221@qq.com
2018-07-27 08:23:15,950 find_element.py--> get_element 20: INFO ----->定位方式:id--->定位值:register_email
2018-07-27 08:23:16,126 register_handle.py--> send_user_name 20: INFO ----->输入的用户名是：ss2232221
2018-07-27 08:23:16,127 find_element.py--> get_element 20: INFO ----->定位方式:id--->定位值:register_nickname
2018-07-27 08:23:16,567 register_handle.py--> send_user_password 20: INFO ----->输入的密码是：111111
2018-07-27 08:23:16,568 find_element.py--> get_element 20: INFO ----->定位方式:id--->定位值:register_password
2018-07-27 08:23:22,868 find_element.py--> get_element 20: INFO ----->定位方式:id--->定位值:captcha_code
2018-07-27 08:23:22,989 find_element.py--> get_element 20: INFO ----->定位方式:id--->定位值:register-btn
2018-07-27 08:23:39,216 first_case.py--> setUp 20: INFO ----->this is chrome
2018-07-27 08:23:39,221 register_handle.py--> send_user_email 20: INFO ----->输入的邮箱值是：12123@qq.com
2018-07-27 08:23:39,225 find_element.py--> get_element 20: INFO ----->定位方式:id--->定位值:register_email
2018-07-27 08:23:39,409 register_handle.py--> send_user_name 20: INFO ----->输入的用户名是：t1
2018-07-27 08:23:39,410 find_element.py--> get_element 20: INFO ----->定位方式:id--->定位值:register_nickname
2018-07-27 08:23:39,657 register_handle.py--> send_user_password 20: INFO ----->输入的密码是：111111
2018-07-27 08:23:39,658 find_element.py--> get_element 20: INFO ----->定位方式:id--->定位值:register_password
2018-07-27 08:23:54,535 find_element.py--> get_element 20: INFO ----->定位方式:id--->定位值:captcha_code
2018-07-27 08:23:54,651 find_element.py--> get_element 20: INFO ----->定位方式:id--->定位值:register-btn
2018-07-27 08:23:54,957 find_element.py--> get_element 20: INFO ----->定位方式:id--->定位值:register_nickname-error
2018-07-27 08:31:20,634 first_case.py--> setUp 20: INFO ----->this is chrome
2018-07-27 08:31:20,637 register_handle.py--> send_user_email 20: INFO ----->输入的邮箱值是：1121221@qq.com
2018-07-27 08:31:20,639 find_element.py--> get_element 20: INFO ----->定位方式:id--->定位值:register_email
2018-07-27 08:31:20,831 register_handle.py--> send_user_name 20: INFO ----->输入的用户名是：ss2232221
2018-07-27 08:31:20,832 find_element.py--> get_element 20: INFO ----->定位方式:id--->定位值:register_nickname
2018-07-27 08:31:21,315 register_handle.py--> send_user_password 20: INFO ----->输入的密码是：111111
2018-07-27 08:31:21,316 find_element.py--> get_element 20: INFO ----->定位方式:id--->定位值:register_password
2018-07-27 08:31:24,541 find_element.py--> get_element 20: INFO ----->定位方式:id--->定位值:captcha_code
2018-07-27 08:31:24,690 find_element.py--> get_element 20: INFO ----->定位方式:id--->定位值:register-btn
2018-07-27 08:31:27,523 first_case.py--> setUp 20: INFO ----->this is chrome
2018-07-27 08:31:27,524 register_handle.py--> send_user_email 20: INFO ----->输入的邮箱值是：12123@qq.com
2018-07-27 08:31:27,525 find_element.py--> get_element 20: INFO ----->定位方式:id--->定位值:register_email
2018-07-27 08:31:27,657 register_handle.py--> send_user_name 20: INFO ----->输入的用户名是：t1
2018-07-27 08:31:27,658 find_element.py--> get_element 20: INFO ----->定位方式:id--->定位值:register_nickname
2018-07-27 08:31:28,052 register_handle.py--> send_user_password 20: INFO ----->输入的密码是：111111
2018-07-27 08:31:28,053 find_element.py--> get_element 20: INFO ----->定位方式:id--->定位值:register_password
2018-07-27 08:31:39,649 find_element.py--> get_element 20: INFO ----->定位方式:id--->定位值:captcha_code
2018-07-27 08:31:39,790 find_element.py--> get_element 20: INFO ----->定位方式:id--->定位值:register-btn
2018-07-27 08:31:40,095 find_element.py--> get_element 20: INFO ----->定位方式:id--->定位值:register_nickname-error
2018-07-27 08:39:01,956 first_case.py--> setUp 20: INFO ----->this is chrome
2018-07-27 08:39:01,958 register_handle.py--> send_user_email 20: INFO ----->输入的邮箱值是：12221@qq.com
2018-07-27 08:39:01,960 find_element.py--> get_element 20: INFO ----->定位方式:id--->定位值:register_email
2018-07-27 08:39:02,215 register_handle.py--> send_user_name 20: INFO ----->输入的用户名是：2321
2018-07-27 08:39:02,216 find_element.py--> get_element 20: INFO ----->定位方式:id--->定位值:register_nickname
2018-07-27 08:39:02,514 register_handle.py--> send_user_password 20: INFO ----->输入的密码是：111111
2018-07-27 08:39:02,515 find_element.py--> get_element 20: INFO ----->定位方式:id--->定位值:register_password
2018-07-27 08:39:08,242 find_element.py--> get_element 20: INFO ----->定位方式:id--->定位值:captcha_code
2018-07-27 08:39:08,411 find_element.py--> get_element 20: INFO ----->定位方式:id--->定位值:register-btn
2018-07-27 08:39:21,686 first_case.py--> setUp 20: INFO ----->this is chrome
2018-07-27 08:39:21,688 register_handle.py--> send_user_email 20: INFO ----->输入的邮箱值是：1314@qq.com
2018-07-27 08:39:21,690 find_element.py--> get_element 20: INFO ----->定位方式:id--->定位值:register_email
2018-07-27 08:39:25,110 first_case.py--> setUp 20: INFO ----->this is chrome
2018-07-27 08:39:25,112 register_handle.py--> send_user_email 20: INFO ----->输入的邮箱值是：12123@qq.com
2018-07-27 08:39:25,113 find_element.py--> get_element 20: INFO ----->定位方式:id--->定位值:register_email
2018-07-27 08:39:25,400 register_handle.py--> send_user_name 20: INFO ----->输入的用户名是：t1
2018-07-27 08:39:25,401 find_element.py--> get_element 20: INFO ----->定位方式:id--->定位值:register_nickname
2018-07-27 08:39:25,708 register_handle.py--> send_user_password 20: INFO ----->输入的密码是：111111
2018-07-27 08:39:25,709 find_element.py--> get_element 20: INFO ----->定位方式:id--->定位值:register_password
2018-07-27 08:39:28,859 find_element.py--> get_element 20: INFO ----->定位方式:id--->定位值:captcha_code
2018-07-27 08:39:29,043 find_element.py--> get_element 20: INFO ----->定位方式:id--->定位值:register-btn
2018-07-27 08:39:29,379 find_element.py--> get_element 20: INFO ----->定位方式:id--->定位值:register_nickname-error
